[0.553s] DEBUG:colcon:Command line arguments: ['/usr/bin/colcon', 'build']
[0.553s] DEBUG:colcon:Parsed command line arguments: Namespace(log_base=None, log_level=None, verb_name='build', build_base='build', install_base='install', merge_install=False, symlink_install=False, test_result_base=None, continue_on_error=False, executor='parallel', parallel_workers=2, event_handlers=None, ignore_user_meta=False, metas=['./colcon.meta'], base_paths=['.'], packages_ignore=None, packages_ignore_regex=None, paths=None, packages_up_to=None, packages_up_to_regex=None, packages_above=None, packages_above_and_dependencies=None, packages_above_depth=None, packages_select_by_dep=None, packages_skip_by_dep=None, packages_skip_up_to=None, packages_select_build_failed=False, packages_skip_build_finished=False, packages_select_test_failures=False, packages_skip_test_passed=False, packages_select=None, packages_skip=None, packages_select_regex=None, packages_skip_regex=None, packages_start=None, packages_end=None, allow_overriding=[], cmake_args=None, cmake_target=None, cmake_target_skip_unavailable=False, cmake_clean_cache=False, cmake_clean_first=False, cmake_force_configure=False, ament_cmake_args=None, catkin_cmake_args=None, catkin_skip_building_tests=False, verb_parser=<colcon_defaults.argument_parser.defaults.DefaultArgumentsDecorator object at 0xffffb8ecc970>, verb_extension=<colcon_core.verb.build.BuildVerb object at 0xffffb940b910>, main=<bound method BuildVerb.main of <colcon_core.verb.build.BuildVerb object at 0xffffb940b910>>)
[0.586s] Level 1:colcon.colcon_core.package_discovery:discover_packages(colcon_meta) check parameters
[0.586s] Level 1:colcon.colcon_core.package_discovery:discover_packages(recursive) check parameters
[0.586s] Level 1:colcon.colcon_core.package_discovery:discover_packages(ignore) check parameters
[0.586s] Level 1:colcon.colcon_core.package_discovery:discover_packages(path) check parameters
[0.586s] Level 1:colcon.colcon_core.package_discovery:discover_packages(colcon_meta) discover
[0.586s] Level 1:colcon.colcon_core.package_discovery:discover_packages(recursive) discover
[0.586s] INFO:colcon.colcon_core.package_discovery:Crawling recursively for packages in '/home/zhiquan/mujoco_ros2_humble_integrate'
[0.586s] Level 1:colcon.colcon_core.package_identification:_identify(.) by extensions ['ignore', 'ignore_ament_install']
[0.586s] Level 1:colcon.colcon_core.package_identification:_identify(.) by extension 'ignore'
[0.586s] Level 1:colcon.colcon_core.package_identification:_identify(.) by extension 'ignore_ament_install'
[0.586s] Level 1:colcon.colcon_core.package_identification:_identify(.) by extensions ['colcon_pkg']
[0.586s] Level 1:colcon.colcon_core.package_identification:_identify(.) by extension 'colcon_pkg'
[0.586s] Level 1:colcon.colcon_core.package_identification:_identify(.) by extensions ['colcon_meta']
[0.587s] Level 1:colcon.colcon_core.package_identification:_identify(.) by extension 'colcon_meta'
[0.587s] Level 1:colcon.colcon_core.package_identification:_identify(.) by extensions ['ros']
[0.587s] Level 1:colcon.colcon_core.package_identification:_identify(.) by extension 'ros'
[0.593s] Level 1:colcon.colcon_core.package_identification:_identify(.) by extensions ['cmake', 'python']
[0.594s] Level 1:colcon.colcon_core.package_identification:_identify(.) by extension 'cmake'
[0.594s] Level 1:colcon.colcon_core.package_identification:_identify(.) by extension 'python'
[0.594s] Level 1:colcon.colcon_core.package_identification:_identify(.) by extensions ['python_setup_py']
[0.594s] Level 1:colcon.colcon_core.package_identification:_identify(.) by extension 'python_setup_py'
[0.594s] Level 1:colcon.colcon_core.package_identification:_identify(build) by extensions ['ignore', 'ignore_ament_install']
[0.594s] Level 1:colcon.colcon_core.package_identification:_identify(build) by extension 'ignore'
[0.594s] Level 1:colcon.colcon_core.package_identification:_identify(build) ignored
[0.594s] Level 1:colcon.colcon_core.package_identification:_identify(install) by extensions ['ignore', 'ignore_ament_install']
[0.594s] Level 1:colcon.colcon_core.package_identification:_identify(install) by extension 'ignore'
[0.594s] Level 1:colcon.colcon_core.package_identification:_identify(install) ignored
[0.594s] Level 1:colcon.colcon_core.package_identification:_identify(log) by extensions ['ignore', 'ignore_ament_install']
[0.594s] Level 1:colcon.colcon_core.package_identification:_identify(log) by extension 'ignore'
[0.594s] Level 1:colcon.colcon_core.package_identification:_identify(log) ignored
[0.595s] Level 1:colcon.colcon_core.package_identification:_identify(src) by extensions ['ignore', 'ignore_ament_install']
[0.595s] Level 1:colcon.colcon_core.package_identification:_identify(src) by extension 'ignore'
[0.595s] Level 1:colcon.colcon_core.package_identification:_identify(src) by extension 'ignore_ament_install'
[0.595s] Level 1:colcon.colcon_core.package_identification:_identify(src) by extensions ['colcon_pkg']
[0.595s] Level 1:colcon.colcon_core.package_identification:_identify(src) by extension 'colcon_pkg'
[0.595s] Level 1:colcon.colcon_core.package_identification:_identify(src) by extensions ['colcon_meta']
[0.595s] Level 1:colcon.colcon_core.package_identification:_identify(src) by extension 'colcon_meta'
[0.595s] Level 1:colcon.colcon_core.package_identification:_identify(src) by extensions ['ros']
[0.595s] Level 1:colcon.colcon_core.package_identification:_identify(src) by extension 'ros'
[0.595s] Level 1:colcon.colcon_core.package_identification:_identify(src) by extensions ['cmake', 'python']
[0.595s] Level 1:colcon.colcon_core.package_identification:_identify(src) by extension 'cmake'
[0.595s] Level 1:colcon.colcon_core.package_identification:_identify(src) by extension 'python'
[0.595s] Level 1:colcon.colcon_core.package_identification:_identify(src) by extensions ['python_setup_py']
[0.595s] Level 1:colcon.colcon_core.package_identification:_identify(src) by extension 'python_setup_py'
[0.595s] Level 1:colcon.colcon_core.package_identification:_identify(src/pkg1) by extensions ['ignore', 'ignore_ament_install']
[0.595s] Level 1:colcon.colcon_core.package_identification:_identify(src/pkg1) by extension 'ignore'
[0.596s] Level 1:colcon.colcon_core.package_identification:_identify(src/pkg1) by extension 'ignore_ament_install'
[0.596s] Level 1:colcon.colcon_core.package_identification:_identify(src/pkg1) by extensions ['colcon_pkg']
[0.596s] Level 1:colcon.colcon_core.package_identification:_identify(src/pkg1) by extension 'colcon_pkg'
[0.596s] Level 1:colcon.colcon_core.package_identification:_identify(src/pkg1) by extensions ['colcon_meta']
[0.596s] Level 1:colcon.colcon_core.package_identification:_identify(src/pkg1) by extension 'colcon_meta'
[0.596s] Level 1:colcon.colcon_core.package_identification:_identify(src/pkg1) by extensions ['ros']
[0.596s] Level 1:colcon.colcon_core.package_identification:_identify(src/pkg1) by extension 'ros'
[0.598s] DEBUG:colcon.colcon_core.package_identification:Package 'src/pkg1' with type 'ros.ament_cmake' and name 'pkg1'
[0.598s] Level 1:colcon.colcon_core.package_discovery:discover_packages(recursive) using defaults
[0.598s] Level 1:colcon.colcon_core.package_discovery:discover_packages(ignore) discover
[0.598s] Level 1:colcon.colcon_core.package_discovery:discover_packages(ignore) using defaults
[0.598s] Level 1:colcon.colcon_core.package_discovery:discover_packages(path) discover
[0.598s] Level 1:colcon.colcon_core.package_discovery:discover_packages(path) using defaults
[0.644s] Level 1:colcon.colcon_core.package_discovery:discover_packages(prefix_path) check parameters
[0.644s] Level 1:colcon.colcon_core.package_discovery:discover_packages(prefix_path) discover
[0.657s] DEBUG:colcon.colcon_installed_package_information.package_discovery:Found 1 installed packages in /home/zhiquan/ros2_learn/install
[0.664s] DEBUG:colcon.colcon_installed_package_information.package_discovery:Found 274 installed packages in /opt/ros/humble
[0.664s] Level 1:colcon.colcon_core.package_discovery:discover_packages(prefix_path) using defaults
[0.717s] Level 5:colcon.colcon_core.verb:set package 'pkg1' build argument 'cmake_args' from command line to 'None'
[0.717s] Level 5:colcon.colcon_core.verb:set package 'pkg1' build argument 'cmake_target' from command line to 'None'
[0.717s] Level 5:colcon.colcon_core.verb:set package 'pkg1' build argument 'cmake_target_skip_unavailable' from command line to 'False'
[0.717s] Level 5:colcon.colcon_core.verb:set package 'pkg1' build argument 'cmake_clean_cache' from command line to 'False'
[0.717s] Level 5:colcon.colcon_core.verb:set package 'pkg1' build argument 'cmake_clean_first' from command line to 'False'
[0.717s] Level 5:colcon.colcon_core.verb:set package 'pkg1' build argument 'cmake_force_configure' from command line to 'False'
[0.717s] Level 5:colcon.colcon_core.verb:set package 'pkg1' build argument 'ament_cmake_args' from command line to 'None'
[0.718s] Level 5:colcon.colcon_core.verb:set package 'pkg1' build argument 'catkin_cmake_args' from command line to 'None'
[0.718s] Level 5:colcon.colcon_core.verb:set package 'pkg1' build argument 'catkin_skip_building_tests' from command line to 'False'
[0.718s] DEBUG:colcon.colcon_core.verb:Building package 'pkg1' with the following arguments: {'ament_cmake_args': None, 'build_base': '/home/zhiquan/mujoco_ros2_humble_integrate/build/pkg1', 'catkin_cmake_args': None, 'catkin_skip_building_tests': False, 'cmake_args': None, 'cmake_clean_cache': False, 'cmake_clean_first': False, 'cmake_force_configure': False, 'cmake_target': None, 'cmake_target_skip_unavailable': False, 'install_base': '/home/zhiquan/mujoco_ros2_humble_integrate/install/pkg1', 'merge_install': False, 'path': '/home/zhiquan/mujoco_ros2_humble_integrate/src/pkg1', 'symlink_install': False, 'test_result_base': None}
[0.724s] INFO:colcon.colcon_core.executor:Executing jobs using 'parallel' executor
[0.731s] DEBUG:colcon.colcon_parallel_executor.executor.parallel:run_until_complete
[0.731s] INFO:colcon.colcon_ros.task.ament_cmake.build:Building ROS package in '/home/zhiquan/mujoco_ros2_humble_integrate/src/pkg1' with build type 'ament_cmake'
[0.732s] INFO:colcon.colcon_cmake.task.cmake.build:Building CMake package in '/home/zhiquan/mujoco_ros2_humble_integrate/src/pkg1'
[0.742s] INFO:colcon.colcon_core.plugin_system:Skipping extension 'colcon_core.shell.bat': Not used on non-Windows systems
[0.742s] INFO:colcon.colcon_core.shell:Skip shell extension 'powershell' for command environment: Not usable outside of PowerShell
[0.742s] DEBUG:colcon.colcon_core.shell:Skip shell extension 'dsv' for command environment
[0.796s] DEBUG:colcon.colcon_core.event_handler.log_command:Invoking command in '/home/zhiquan/mujoco_ros2_humble_integrate/build/pkg1': CMAKE_PREFIX_PATH=${CMAKE_PREFIX_PATH}:/opt/ros/humble /usr/bin/cmake --build /home/zhiquan/mujoco_ros2_humble_integrate/build/pkg1 -- -j2 -l2
[6.456s] DEBUG:colcon.colcon_core.event_handler.log_command:Invoked command in '/home/zhiquan/mujoco_ros2_humble_integrate/build/pkg1' returned '0': CMAKE_PREFIX_PATH=${CMAKE_PREFIX_PATH}:/opt/ros/humble /usr/bin/cmake --build /home/zhiquan/mujoco_ros2_humble_integrate/build/pkg1 -- -j2 -l2
[6.503s] DEBUG:colcon.colcon_core.event_handler.log_command:Invoking command in '/home/zhiquan/mujoco_ros2_humble_integrate/build/pkg1': CMAKE_PREFIX_PATH=${CMAKE_PREFIX_PATH}:/opt/ros/humble /usr/bin/cmake --install /home/zhiquan/mujoco_ros2_humble_integrate/build/pkg1
[6.530s] Level 1:colcon.colcon_core.environment:create_environment_scripts_only(pkg1)
[6.530s] DEBUG:colcon.colcon_core.event_handler.log_command:Invoked command in '/home/zhiquan/mujoco_ros2_humble_integrate/build/pkg1' returned '0': CMAKE_PREFIX_PATH=${CMAKE_PREFIX_PATH}:/opt/ros/humble /usr/bin/cmake --install /home/zhiquan/mujoco_ros2_humble_integrate/build/pkg1
[6.545s] Level 1:colcon.colcon_core.environment:checking '/home/zhiquan/mujoco_ros2_humble_integrate/install/pkg1' for CMake module files
[6.546s] Level 1:colcon.colcon_core.environment:checking '/home/zhiquan/mujoco_ros2_humble_integrate/install/pkg1' for CMake config files
[6.546s] Level 1:colcon.colcon_core.shell:create_environment_hook('pkg1', 'cmake_prefix_path')
[6.553s] INFO:colcon.colcon_core.shell:Creating environment hook '/home/zhiquan/mujoco_ros2_humble_integrate/install/pkg1/share/pkg1/hook/cmake_prefix_path.ps1'
[6.554s] INFO:colcon.colcon_core.shell:Creating environment descriptor '/home/zhiquan/mujoco_ros2_humble_integrate/install/pkg1/share/pkg1/hook/cmake_prefix_path.dsv'
[6.554s] INFO:colcon.colcon_core.shell:Creating environment hook '/home/zhiquan/mujoco_ros2_humble_integrate/install/pkg1/share/pkg1/hook/cmake_prefix_path.sh'
[6.555s] Level 1:colcon.colcon_core.environment:checking '/home/zhiquan/mujoco_ros2_humble_integrate/install/pkg1/lib'
[6.555s] Level 1:colcon.colcon_core.environment:checking '/home/zhiquan/mujoco_ros2_humble_integrate/install/pkg1/bin'
[6.555s] Level 1:colcon.colcon_core.environment:checking '/home/zhiquan/mujoco_ros2_humble_integrate/install/pkg1/lib/pkgconfig/pkg1.pc'
[6.555s] Level 1:colcon.colcon_core.environment:checking '/home/zhiquan/mujoco_ros2_humble_integrate/install/pkg1/lib/python3.10/site-packages'
[6.555s] Level 1:colcon.colcon_core.environment:checking '/home/zhiquan/mujoco_ros2_humble_integrate/install/pkg1/bin'
[6.563s] INFO:colcon.colcon_core.shell:Creating package script '/home/zhiquan/mujoco_ros2_humble_integrate/install/pkg1/share/pkg1/package.ps1'
[6.565s] INFO:colcon.colcon_core.shell:Creating package descriptor '/home/zhiquan/mujoco_ros2_humble_integrate/install/pkg1/share/pkg1/package.dsv'
[6.566s] INFO:colcon.colcon_core.shell:Creating package script '/home/zhiquan/mujoco_ros2_humble_integrate/install/pkg1/share/pkg1/package.sh'
[6.566s] INFO:colcon.colcon_core.shell:Creating package script '/home/zhiquan/mujoco_ros2_humble_integrate/install/pkg1/share/pkg1/package.bash'
[6.567s] INFO:colcon.colcon_core.shell:Creating package script '/home/zhiquan/mujoco_ros2_humble_integrate/install/pkg1/share/pkg1/package.zsh'
[6.567s] Level 1:colcon.colcon_core.environment:create_file_with_runtime_dependencies(/home/zhiquan/mujoco_ros2_humble_integrate/install/pkg1/share/colcon-core/packages/pkg1)
[6.622s] Level 1:colcon.colcon_core.environment:create_environment_scripts_only(pkg1)
[6.629s] Level 1:colcon.colcon_core.environment:checking '/home/zhiquan/mujoco_ros2_humble_integrate/install/pkg1' for CMake module files
[6.629s] Level 1:colcon.colcon_core.environment:checking '/home/zhiquan/mujoco_ros2_humble_integrate/install/pkg1' for CMake config files
[6.630s] Level 1:colcon.colcon_core.shell:create_environment_hook('pkg1', 'cmake_prefix_path')
[6.640s] INFO:colcon.colcon_core.shell:Creating environment hook '/home/zhiquan/mujoco_ros2_humble_integrate/install/pkg1/share/pkg1/hook/cmake_prefix_path.ps1'
[6.640s] INFO:colcon.colcon_core.shell:Creating environment descriptor '/home/zhiquan/mujoco_ros2_humble_integrate/install/pkg1/share/pkg1/hook/cmake_prefix_path.dsv'
[6.640s] INFO:colcon.colcon_core.shell:Creating environment hook '/home/zhiquan/mujoco_ros2_humble_integrate/install/pkg1/share/pkg1/hook/cmake_prefix_path.sh'
[6.640s] Level 1:colcon.colcon_core.environment:checking '/home/zhiquan/mujoco_ros2_humble_integrate/install/pkg1/lib'
[6.640s] Level 1:colcon.colcon_core.environment:checking '/home/zhiquan/mujoco_ros2_humble_integrate/install/pkg1/bin'
[6.641s] Level 1:colcon.colcon_core.environment:checking '/home/zhiquan/mujoco_ros2_humble_integrate/install/pkg1/lib/pkgconfig/pkg1.pc'
[6.641s] Level 1:colcon.colcon_core.environment:checking '/home/zhiquan/mujoco_ros2_humble_integrate/install/pkg1/lib/python3.10/site-packages'
[6.641s] Level 1:colcon.colcon_core.environment:checking '/home/zhiquan/mujoco_ros2_humble_integrate/install/pkg1/bin'
[6.652s] INFO:colcon.colcon_core.shell:Creating package script '/home/zhiquan/mujoco_ros2_humble_integrate/install/pkg1/share/pkg1/package.ps1'
[6.652s] INFO:colcon.colcon_core.shell:Creating package descriptor '/home/zhiquan/mujoco_ros2_humble_integrate/install/pkg1/share/pkg1/package.dsv'
[6.652s] INFO:colcon.colcon_core.shell:Creating package script '/home/zhiquan/mujoco_ros2_humble_integrate/install/pkg1/share/pkg1/package.sh'
[6.653s] INFO:colcon.colcon_core.shell:Creating package script '/home/zhiquan/mujoco_ros2_humble_integrate/install/pkg1/share/pkg1/package.bash'
[6.653s] INFO:colcon.colcon_core.shell:Creating package script '/home/zhiquan/mujoco_ros2_humble_integrate/install/pkg1/share/pkg1/package.zsh'
[6.653s] Level 1:colcon.colcon_core.environment:create_file_with_runtime_dependencies(/home/zhiquan/mujoco_ros2_humble_integrate/install/pkg1/share/colcon-core/packages/pkg1)
[6.653s] DEBUG:colcon.colcon_parallel_executor.executor.parallel:closing loop
[6.654s] DEBUG:colcon.colcon_parallel_executor.executor.parallel:loop closed
[6.654s] DEBUG:colcon.colcon_parallel_executor.executor.parallel:run_until_complete finished with '0'
[6.654s] DEBUG:colcon.colcon_core.event_reactor:joining thread
[6.674s] INFO:colcon.colcon_core.plugin_system:Skipping extension 'colcon_notification.desktop_notification.terminal_notifier': Not used on non-Darwin systems
[6.675s] INFO:colcon.colcon_core.plugin_system:Skipping extension 'colcon_notification.desktop_notification.win32': Not used on non-Windows systems
[6.676s] INFO:colcon.colcon_notification.desktop_notification:Sending desktop notification using 'notify2'
[6.692s] DEBUG:colcon.colcon_core.event_reactor:joined thread
[6.704s] INFO:colcon.colcon_core.shell:Creating prefix script '/home/zhiquan/mujoco_ros2_humble_integrate/install/local_setup.ps1'
[6.724s] INFO:colcon.colcon_core.shell:Creating prefix util module '/home/zhiquan/mujoco_ros2_humble_integrate/install/_local_setup_util_ps1.py'
[6.728s] INFO:colcon.colcon_core.shell:Creating prefix chain script '/home/zhiquan/mujoco_ros2_humble_integrate/install/setup.ps1'
[6.762s] INFO:colcon.colcon_core.shell:Creating prefix script '/home/zhiquan/mujoco_ros2_humble_integrate/install/local_setup.sh'
[6.762s] INFO:colcon.colcon_core.shell:Creating prefix util module '/home/zhiquan/mujoco_ros2_humble_integrate/install/_local_setup_util_sh.py'
[6.763s] INFO:colcon.colcon_core.shell:Creating prefix chain script '/home/zhiquan/mujoco_ros2_humble_integrate/install/setup.sh'
[6.787s] INFO:colcon.colcon_core.shell:Creating prefix script '/home/zhiquan/mujoco_ros2_humble_integrate/install/local_setup.bash'
[6.790s] INFO:colcon.colcon_core.shell:Creating prefix chain script '/home/zhiquan/mujoco_ros2_humble_integrate/install/setup.bash'
[6.800s] INFO:colcon.colcon_core.shell:Creating prefix script '/home/zhiquan/mujoco_ros2_humble_integrate/install/local_setup.zsh'
[6.800s] INFO:colcon.colcon_core.shell:Creating prefix chain script '/home/zhiquan/mujoco_ros2_humble_integrate/install/setup.zsh'
