[35m[1mConsolidate compiler generated dependencies of target publisher[0m
[35m[1mConsolidate compiler generated dependencies of target subscriber[0m
[ 25%] [32mBuilding CXX object CMakeFiles/subscriber.dir/src/subscriber_node.cpp.o[0m
[ 75%] Built target publisher
[100%] [32m[1mLinking CXX executable subscriber[0m
[100%] Built target subscriber
-- Install configuration: ""
-- Installing: /home/zhiquan/mujoco_ros2_humble_integrate/install/pkg1/lib/pkg1/publisher
-- Set runtime path of "/home/zhiquan/mujoco_ros2_humble_integrate/install/pkg1/lib/pkg1/publisher" to ""
-- Installing: /home/zhiquan/mujoco_ros2_humble_integrate/install/pkg1/lib/pkg1/subscriber
-- Set runtime path of "/home/zhiquan/mujoco_ros2_humble_integrate/install/pkg1/lib/pkg1/subscriber" to ""
-- Installing: /home/zhiquan/mujoco_ros2_humble_integrate/install/pkg1/share/ament_index/resource_index/package_run_dependencies/pkg1
-- Installing: /home/zhiquan/mujoco_ros2_humble_integrate/install/pkg1/share/ament_index/resource_index/parent_prefix_path/pkg1
-- Installing: /home/zhiquan/mujoco_ros2_humble_integrate/install/pkg1/share/pkg1/environment/ament_prefix_path.sh
-- Installing: /home/zhiquan/mujoco_ros2_humble_integrate/install/pkg1/share/pkg1/environment/ament_prefix_path.dsv
-- Installing: /home/zhiquan/mujoco_ros2_humble_integrate/install/pkg1/share/pkg1/environment/path.sh
-- Installing: /home/zhiquan/mujoco_ros2_humble_integrate/install/pkg1/share/pkg1/environment/path.dsv
-- Installing: /home/zhiquan/mujoco_ros2_humble_integrate/install/pkg1/share/pkg1/local_setup.bash
-- Installing: /home/zhiquan/mujoco_ros2_humble_integrate/install/pkg1/share/pkg1/local_setup.sh
-- Installing: /home/zhiquan/mujoco_ros2_humble_integrate/install/pkg1/share/pkg1/local_setup.zsh
-- Installing: /home/zhiquan/mujoco_ros2_humble_integrate/install/pkg1/share/pkg1/local_setup.dsv
-- Installing: /home/zhiquan/mujoco_ros2_humble_integrate/install/pkg1/share/pkg1/package.dsv
-- Installing: /home/zhiquan/mujoco_ros2_humble_integrate/install/pkg1/share/ament_index/resource_index/packages/pkg1
-- Installing: /home/zhiquan/mujoco_ros2_humble_integrate/install/pkg1/share/pkg1/cmake/pkg1Config.cmake
-- Installing: /home/zhiquan/mujoco_ros2_humble_integrate/install/pkg1/share/pkg1/cmake/pkg1Config-version.cmake
-- Installing: /home/zhiquan/mujoco_ros2_humble_integrate/install/pkg1/share/pkg1/package.xml
