[01m[K/home/zhiquan/mujoco_ros2_humble_integrate/src/pkg1/src/subscriber_node.cpp:32:2:[m[K [01;31m[Kerror: [m[Kstray ‘[01m[K#[m[K’ in program
   32 | }[01;31m[K#[m[Kinclude <memory>
      |  [01;31m[K^[m[K
[01m[K/home/zhiquan/mujoco_ros2_humble_integrate/src/pkg1/src/subscriber_node.cpp:32:3:[m[K [01;31m[Kerror: [m[K‘[01m[Kinclude[m[K’ does not name a type
   32 | }#[01;31m[Kinclude[m[K <memory>
      |   [01;31m[K^~~~~~~[m[K
[01m[K/home/zhiquan/mujoco_ros2_humble_integrate/src/pkg1/src/subscriber_node.cpp:38:7:[m[K [01;31m[Kerror: [m[Kredefinition of ‘[01m[Kclass MinimalSubscriber[m[K’
   38 | class [01;31m[KMinimalSubscriber[m[K : public rclcpp::Node
      |       [01;31m[K^~~~~~~~~~~~~~~~~[m[K
[01m[K/home/zhiquan/mujoco_ros2_humble_integrate/src/pkg1/src/subscriber_node.cpp:7:7:[m[K [01;36m[Knote: [m[Kprevious definition of ‘[01m[Kclass MinimalSubscriber[m[K’
    7 | class [01;36m[KMinimalSubscriber[m[K : public rclcpp::Node
      |       [01;36m[K^~~~~~~~~~~~~~~~~[m[K
[01m[K/home/zhiquan/mujoco_ros2_humble_integrate/src/pkg1/src/subscriber_node.cpp:57:5:[m[K [01;31m[Kerror: [m[Kredefinition of ‘[01m[Kint main(int, char**)[m[K’
   57 | int [01;31m[Kmain[m[K(int argc, char * argv[])
      |     [01;31m[K^~~~[m[K
[01m[K/home/zhiquan/mujoco_ros2_humble_integrate/src/pkg1/src/subscriber_node.cpp:26:5:[m[K [01;36m[Knote: [m[K‘[01m[Kint main(int, char**)[m[K’ previously defined here
   26 | int [01;36m[Kmain[m[K(int argc, char * argv[])
      |     [01;36m[K^~~~[m[K
gmake[2]: *** [CMakeFiles/subscriber.dir/build.make:76: CMakeFiles/subscriber.dir/src/subscriber_node.cpp.o] Error 1
gmake[1]: *** [CMakeFiles/Makefile2:165: CMakeFiles/subscriber.dir/all] Error 2
gmake: *** [Makefile:146: all] Error 2
